<?xml version="1.0" encoding="UTF-8"?>
<!-- Generated by org.testng.reporters.JUnitReportReporter -->
<testsuite hostname="SLB-FDSCNC2" failures="0" tests="1" name="com.w2a.testcases.BankManagerLogin" time="0.283" errors="0" timestamp="19 Jul 2019 09:26:16 GMT" skipped="0">
  <testcase classname="com.w2a.testcases.BankManagerLogin" name="loginAsBankManager" time="0.283"/>
</testsuite> <!-- com.w2a.testcases.BankManagerLogin -->
