<?xml version="1.0" encoding="UTF-8"?>
<!-- Generated by org.testng.reporters.JUnitReportReporter -->
<testsuite hostname="SLB-FDSCNC2" failures="0" tests="3" name="com.w2a.testcases.AddCustomer" time="13.131" errors="0" timestamp="19 Jul 2019 11:25:30 GMT" skipped="0">
  <testcase classname="com.w2a.testcases.AddCustomer" name="addcustomer" time="4.485"/>
  <testcase classname="com.w2a.testcases.AddCustomer" name="addcustomer" time="4.284"/>
  <testcase classname="com.w2a.testcases.AddCustomer" name="addcustomer" time="4.362"/>
</testsuite> <!-- com.w2a.testcases.AddCustomer -->
