<?xml version="1.0" encoding="UTF-8"?>
<!-- Generated by org.testng.reporters.JUnitReportReporter -->
<testsuite skipped="0" hostname="DESKTOP-4OAQKSI" name="com.w2a.testcases.AddCustomer" tests="3" failures="0" timestamp="18 Jul 2019 16:26:32 GMT" time="14.031" errors="0">
  <testcase name="addcustomer" time="4.881" classname="com.w2a.testcases.AddCustomer"/>
  <testcase name="addcustomer" time="4.577" classname="com.w2a.testcases.AddCustomer"/>
  <testcase name="addcustomer" time="4.573" classname="com.w2a.testcases.AddCustomer"/>
</testsuite> <!-- com.w2a.testcases.AddCustomer -->
