<?xml version="1.0" encoding="UTF-8"?>
<!-- Generated by org.testng.reporters.JUnitReportReporter -->
<testsuite hostname="SLB-FDSCNC2" failures="0" tests="3" name="com.w2a.testcases.AddCustomer" time="13.162" errors="0" timestamp="19 Jul 2019 09:46:00 GMT" skipped="0">
  <testcase classname="com.w2a.testcases.AddCustomer" name="addcustomer" time="4.299"/>
  <testcase classname="com.w2a.testcases.AddCustomer" name="addcustomer" time="4.584"/>
  <testcase classname="com.w2a.testcases.AddCustomer" name="addcustomer" time="4.279"/>
</testsuite> <!-- com.w2a.testcases.AddCustomer -->
