<?xml version="1.0" encoding="UTF-8"?>
<!-- Generated by org.testng.reporters.JUnitReportReporter -->
<testsuite hostname="SLB-FDSCNC2" failures="0" tests="3" name="com.w2a.testcases.AddCustomer" time="12.872" errors="0" timestamp="17 Jul 2019 11:25:52 GMT" skipped="0">
  <testcase classname="com.w2a.testcases.AddCustomer" name="addcustomer" time="4.382"/>
  <testcase classname="com.w2a.testcases.AddCustomer" name="addcustomer" time="4.282"/>
  <testcase classname="com.w2a.testcases.AddCustomer" name="addcustomer" time="4.208"/>
</testsuite> <!-- com.w2a.testcases.AddCustomer -->
