<?xml version="1.0" encoding="UTF-8"?>
<!-- Generated by org.testng.reporters.JUnitReportReporter -->
<testsuite hostname="SLB-FDSCNC2" failures="0" tests="3" name="com.w2a.testcases.AddCustomer" time="13.186" errors="0" timestamp="19 Jul 2019 04:12:18 GMT" skipped="0">
  <testcase classname="com.w2a.testcases.AddCustomer" name="addcustomer" time="4.360"/>
  <testcase classname="com.w2a.testcases.AddCustomer" name="addcustomer" time="4.351"/>
  <testcase classname="com.w2a.testcases.AddCustomer" name="addcustomer" time="4.475"/>
</testsuite> <!-- com.w2a.testcases.AddCustomer -->
