<?xml version="1.0" encoding="UTF-8"?>
<!-- Generated by org.testng.reporters.JUnitReportReporter -->
<testsuite skipped="0" hostname="DESKTOP-4OAQKSI" name="com.w2a.testcases.BankManagerLogin" tests="1" failures="0" timestamp="18 Jul 2019 16:26:32 GMT" time="0.482" errors="0">
  <testcase name="loginAsBankManager" time="0.482" classname="com.w2a.testcases.BankManagerLogin"/>
</testsuite> <!-- com.w2a.testcases.BankManagerLogin -->
