<?xml version="1.0" encoding="UTF-8"?>
<!-- Generated by org.testng.reporters.JUnitReportReporter -->
<testsuite hostname="SLB-FDSCNC2" failures="0" tests="1" name="com.w2a.testcases.LoginTest" time="0.094" errors="0" timestamp="16 Jul 2019 10:47:18 GMT" skipped="0">
  <testcase classname="com.w2a.testcases.LoginTest" name="loginAsBankManager" time="0.094"/>
</testsuite> <!-- com.w2a.testcases.LoginTest -->
