<?xml version="1.0" encoding="UTF-8"?>
<!-- Generated by org.testng.reporters.JUnitReportReporter -->
<testsuite hostname="SLB-FDSCNC2" failures="0" tests="1" name="com.w2a.base.BaseClass" time="0.008" errors="0" timestamp="15 Jul 2019 09:41:01 GMT" skipped="0">
  <testcase classname="com.w2a.base.BaseClass" name="setUp" time="0.008"/>
</testsuite> <!-- com.w2a.base.BaseClass -->
