<?xml version="1.0" encoding="UTF-8"?>
<!-- Generated by org.testng.reporters.JUnitReportReporter -->
<testsuite hostname="SLB-FDSCNC2" failures="0" tests="1" name="com.w2a.testcases.BankManagerLogin" time="0.385" errors="0" timestamp="18 Jul 2019 04:27:29 GMT" skipped="0">
  <testcase classname="com.w2a.testcases.BankManagerLogin" name="loginAsBankManager" time="0.385"/>
</testsuite> <!-- com.w2a.testcases.BankManagerLogin -->
