<?xml version="1.0" encoding="UTF-8"?>
<!-- Generated by org.testng.reporters.JUnitReportReporter -->
<testsuite hostname="SLB-FDSCNC2" failures="0" tests="3" name="com.w2a.testcases.AddCustomer" time="12.864" errors="0" timestamp="18 Jul 2019 04:27:29 GMT" skipped="0">
  <testcase classname="com.w2a.testcases.AddCustomer" name="addcustomer" time="4.441"/>
  <testcase classname="com.w2a.testcases.AddCustomer" name="addcustomer" time="4.222"/>
  <testcase classname="com.w2a.testcases.AddCustomer" name="addcustomer" time="4.201"/>
</testsuite> <!-- com.w2a.testcases.AddCustomer -->
