<?xml version="1.0" encoding="UTF-8"?>
<!-- Generated by org.testng.reporters.JUnitReportReporter -->
<testsuite hostname="SLB-FDSCNC2" failures="0" tests="1" name="com.w2a.rough.TestFile" time="0.007" errors="0" timestamp="15 Jul 2019 09:42:27 GMT" skipped="0">
  <testcase classname="com.w2a.rough.TestFile" name="testNgFile" time="0.007"/>
</testsuite> <!-- com.w2a.rough.TestFile -->
